2025-08-30T05:09:05.373012+0000 INFO API iniciada y lista para recibir peticiones.
2025-08-30T05:09:05.746121+0000 INFO Request: POST http://test/api/v1/auth/login
2025-08-30T05:09:06.007035+0000 INFO Response: 200
2025-08-31T04:16:05.474218+0000 INFO API iniciada y lista para recibir peticiones.
2025-08-31T04:16:05.881884+0000 INFO Request: POST http://test/api/v1/auth/login
2025-08-31T04:16:06.189571+0000 INFO Response: 200
2025-08-31T04:26:05.459611+0000 INFO API iniciada y lista para recibir peticiones.
2025-08-31T04:26:05.828300+0000 INFO Request: POST http://test/api/v1/auth/login
2025-08-31T04:26:06.066876+0000 INFO Response: 200
2025-08-31T04:40:53.473847+0000 INFO API iniciada y lista para recibir peticiones.
2025-08-31T04:40:53.581810+0000 INFO Request: GET http://test/api/v1/health
2025-08-31T04:40:53.582427+0000 INFO Response: 200
2025-08-31T04:40:53.879030+0000 INFO Request: POST http://test/api/v1/auth/login
2025-08-31T04:40:54.140469+0000 INFO Response: 200
2025-09-06T06:04:43.454148+0000 INFO API iniciada y lista para recibir peticiones.
2025-09-06T06:04:43.547963+0000 INFO Request: GET http://test/api/v1/health
2025-09-06T06:04:43.549131+0000 INFO Response: 200
2025-09-06T06:04:43.878524+0000 INFO Request: POST http://test/api/v1/auth/login
2025-09-06T06:04:44.154481+0000 INFO Response: 200
2025-09-08T01:06:53.024995-0300 INFO API iniciada y lista para recibir peticiones.
2025-09-08T04:07:07.847853+0000 INFO API iniciada y lista para recibir peticiones.
2025-09-08T01:07:47.773005-0300 INFO API iniciada y lista para recibir peticiones.
2025-09-08T04:07:49.277300+0000 INFO API iniciada y lista para recibir peticiones.
2025-09-08T04:07:49.363927+0000 INFO Request: GET http://test/api/v1/health
2025-09-08T04:07:49.364680+0000 INFO Response: 200
2025-09-08T04:07:49.643255+0000 INFO Request: POST http://test/api/v1/auth/login
2025-09-08T04:07:49.893837+0000 INFO Response: 200
2025-09-08T01:10:10.264752-0300 INFO API iniciada y lista para recibir peticiones.
2025-09-08T01:11:07.606113-0300 INFO API iniciada y lista para recibir peticiones.
2025-09-08T04:11:10.869655+0000 INFO API iniciada y lista para recibir peticiones.
2025-09-08T04:11:10.916539+0000 INFO Request: GET http://test/api/v1/health
2025-09-08T04:11:10.917089+0000 INFO Response: 200
2025-09-08T04:11:11.210394+0000 INFO Request: POST http://test/api/v1/auth/login
2025-09-08T04:11:11.456247+0000 INFO Response: 200
2025-09-08T02:14:47.306456-0300 INFO API iniciada y lista para recibir peticiones.
2025-09-08T05:14:53.815232+0000 INFO API iniciada y lista para recibir peticiones.
2025-09-08T05:14:53.869381+0000 INFO Request: GET http://test/api/v1/health
2025-09-08T05:14:53.870006+0000 INFO Response: 200
2025-09-08T05:14:54.159816+0000 INFO Request: POST http://test/api/v1/auth/login
2025-09-08T05:14:54.401847+0000 INFO Response: 200
2025-09-08T02:15:43.305286-0300 INFO API iniciada y lista para recibir peticiones.
2025-09-08T02:17:27.816568-0300 INFO API iniciada y lista para recibir peticiones.
2025-09-08T02:18:50.992900-0300 INFO API iniciada y lista para recibir peticiones.
2025-09-08T02:18:56.532027-0300 INFO API iniciada y lista para recibir peticiones.
2025-09-08T02:19:30.670810-0300 INFO API iniciada y lista para recibir peticiones.
2025-09-08T02:25:19.317780-0300 INFO API iniciada y lista para recibir peticiones.
2025-09-08T02:37:30.664609-0300 INFO API iniciada y lista para recibir peticiones.
2025-09-08T04:00:53.187560-0300 INFO API iniciada y lista para recibir peticiones.
2025-09-08T07:01:00.779800+0000 INFO API iniciada y lista para recibir peticiones.
2025-09-08T07:01:00.890508+0000 INFO Request: GET http://test/api/v1/health
2025-09-08T07:01:00.891621+0000 INFO Response: 200
2025-09-08T07:01:01.388229+0000 INFO Request: POST http://test/api/v1/auth/login
2025-09-08T07:01:01.805243+0000 INFO Response: 200
2025-09-08T04:01:21.386589-0300 INFO API iniciada y lista para recibir peticiones.
2025-09-08T04:02:44.782877-0300 INFO API iniciada y lista para recibir peticiones.
2025-09-08T04:02:56.641686-0300 INFO API iniciada y lista para recibir peticiones.
2025-09-08T07:03:22.221252+0000 INFO API iniciada y lista para recibir peticiones.
2025-09-08T07:03:22.305997+0000 INFO Request: GET http://test/api/v1/health
2025-09-08T07:03:22.308024+0000 INFO Response: 200 | Time: 2.05ms
2025-09-08T07:03:22.784417+0000 INFO Request: POST http://test/api/v1/auth/login
2025-09-08T07:03:23.158286+0000 INFO Response: 200 | Time: 373.88ms
2025-09-08T04:04:05.981816-0300 INFO API iniciada y lista para recibir peticiones.
2025-09-08T04:04:14.212122-0300 INFO API iniciada y lista para recibir peticiones.
2025-09-08T07:05:15.868452+0000 INFO API iniciada y lista para recibir peticiones.
2025-09-08T07:05:16.019609+0000 INFO Request: GET http://test/api/v1/health
2025-09-08T07:05:16.022871+0000 INFO Response: 200 | Time: 3.31ms
2025-09-08T07:05:16.550229+0000 INFO Request: POST http://test/api/v1/auth/login
2025-09-08T07:05:16.967405+0000 INFO Response: 200 | Time: 417.20ms
2025-09-08T07:07:36.806998+0000 INFO API iniciada y lista para recibir peticiones.
2025-09-08T07:07:36.945300+0000 INFO Request: GET http://test/api/v1/health
2025-09-08T07:07:36.948552+0000 INFO Response: 200 | Time: 3.30ms
2025-09-08T07:07:37.289160+0000 INFO Request: POST http://test/api/v1/auth/login
2025-09-08T07:07:37.690377+0000 INFO Response: 200 | Time: 401.23ms
2025-09-08T04:08:37.714241-0300 INFO API iniciada y lista para recibir peticiones.
2025-09-08T07:08:57.853831+0000 INFO API iniciada y lista para recibir peticiones.
2025-09-08T04:09:52.222051-0300 INFO API iniciada y lista para recibir peticiones.
2025-09-08T07:10:08.998210+0000 INFO API iniciada y lista para recibir peticiones.
2025-09-08T04:10:28.606098-0300 INFO API iniciada y lista para recibir peticiones.
2025-09-08T07:10:39.642688+0000 INFO API iniciada y lista para recibir peticiones.
2025-09-08T04:12:25.470219-0300 INFO API iniciada y lista para recibir peticiones.
2025-09-08T07:13:02.414934+0000 INFO API iniciada y lista para recibir peticiones.
